<?xml version="1.0" encoding="UTF-8"?>
<!-- Generated by org.testng.reporters.JUnitReportReporter -->
<testsuite hostname="DESKTOP-LSKTBBQ" failures="0" tests="1" name="SeleniumWebDriverLocators_Part3.SeleniumWebDriverLocators_Part3" time="68.093" errors="0" timestamp="2020-10-23T17:35:15 ICT" skipped="0">
  <testcase classname="SeleniumWebDriverLocators_Part3.SeleniumWebDriverLocators_Part3" name="Flickr" time="68.093"/>
  <system-out/>
</testsuite> <!-- SeleniumWebDriverLocators_Part3.SeleniumWebDriverLocators_Part3 -->
