<?xml version="1.0" encoding="UTF-8"?>
<!-- Generated by org.testng.reporters.JUnitReportReporter -->
<testsuite hostname="DESKTOP-LSKTBBQ" failures="0" tests="1" name="SeleniumWebDriverLocators_Part3.SeleniumWebDriverLocators_Part3" time="7.869" errors="0" timestamp="2020-10-16T20:18:10 ICT" skipped="0">
  <testcase classname="SeleniumWebDriverLocators_Part3.SeleniumWebDriverLocators_Part3" name="HocTrucTuyenVanLang" time="7.869"/>
  <system-out/>
</testsuite> <!-- SeleniumWebDriverLocators_Part3.SeleniumWebDriverLocators_Part3 -->
