<?xml version="1.0" encoding="UTF-8"?>
<!-- Generated by org.testng.reporters.JUnitReportReporter -->
<testsuite hostname="DESKTOP-LSKTBBQ" failures="0" tests="2" name="SeleniumWebDriverLocators_Part3.SeleniumWebDriverLocators_Part3" time="47.371" errors="0" timestamp="2020-10-23T18:54:00 ICT" skipped="0">
  <testcase classname="SeleniumWebDriverLocators_Part3.SeleniumWebDriverLocators_Part3" name="HomePageFlickr" time="37.261"/>
  <system-out/>
  <testcase classname="SeleniumWebDriverLocators_Part3.SeleniumWebDriverLocators_Part3" name="YouTool" time="10.110"/>
  <system-out/>
</testsuite> <!-- SeleniumWebDriverLocators_Part3.SeleniumWebDriverLocators_Part3 -->
